<?xml version="1.0" encoding="UTF-8"?>
<testng-results skipped="0" failed="0" ignored="0" total="1" passed="1">
  <reporter-output>
  </reporter-output>
  <suite name="Default suite" duration-ms="48027" started-at="2019-02-14T04:04:34Z" finished-at="2019-02-14T04:05:22Z">
    <groups>
    </groups>
    <test name="Default test" duration-ms="48027" started-at="2019-02-14T04:04:34Z" finished-at="2019-02-14T04:05:22Z">
      <class name="com.App.Tests.SmokeTest">
        <test-method status="PASS" signature="setup()[pri:0, instance:com.App.Tests.SmokeTest@d8355a8]" name="setup" is-config="true" duration-ms="9" started-at="2019-02-14T04:04:34Z" finished-at="2019-02-14T04:04:34Z">
          <reporter-output>
          </reporter-output>
        </test-method> <!-- setup -->
        <test-method status="PASS" signature="startDriver()[pri:0, instance:com.App.Tests.SmokeTest@d8355a8]" name="startDriver" is-config="true" duration-ms="1583" started-at="2019-02-14T04:04:34Z" finished-at="2019-02-14T04:04:35Z">
          <reporter-output>
          </reporter-output>
        </test-method> <!-- startDriver -->
        <test-method status="PASS" signature="testRowSearch()[pri:0, instance:com.App.Tests.SmokeTest@d8355a8]" name="testRowSearch" duration-ms="46325" started-at="2019-02-14T04:04:35Z" finished-at="2019-02-14T04:05:22Z">
          <reporter-output>
          </reporter-output>
        </test-method> <!-- testRowSearch -->
        <test-method status="PASS" signature="stopDriver()[pri:0, instance:com.App.Tests.SmokeTest@d8355a8]" name="stopDriver" is-config="true" duration-ms="92" started-at="2019-02-14T04:05:22Z" finished-at="2019-02-14T04:05:22Z">
          <reporter-output>
          </reporter-output>
        </test-method> <!-- stopDriver -->
      </class> <!-- com.App.Tests.SmokeTest -->
    </test> <!-- Default test -->
  </suite> <!-- Default suite -->
</testng-results>
